cl : 命令行 warning D9002: 忽略未知选项“-O0”
cl : 命令行 warning D9002: 忽略未知选项“-g”
cl : 命令行 warning D9002: 忽略未知选项“-ggdb”
  main.cc
C:\Users\xuwei\CPPPROJECT\cmake\main.cc(12): warning C4100: “argv”: 未引用的形参
C:\Users\xuwei\CPPPROJECT\cmake\main.cc(12): warning C4100: “argc”: 未引用的形参
C:\Program Files (x86)\Windows Kits\10\Include\10.0.10240.0\ucrt\corecrt_wstdio.h(309): warning C4514: “vfwprintf”: 未引用的内联函数已移除
C:\Program Files (x86)\Windows Kits\10\Include\10.0.10240.0\ucrt\corecrt_wstdio.h(340): warning C4514: “vfwprintf_s”: 未引用的内联函数已移除
C:\Program Files (x86)\Windows Kits\10\Include\10.0.10240.0\ucrt\corecrt_wstdio.h(371): warning C4514: “_vfwprintf_p”: 未引用的内联函数已移除
C:\Program Files (x86)\Windows Kits\10\Include\10.0.10240.0\ucrt\corecrt_wstdio.h(385): warning C4514: “_vwprintf_l”: 未引用的内联函数已移除
C:\Program Files (x86)\Windows Kits\10\Include\10.0.10240.0\ucrt\corecrt_wstdio.h(399): warning C4514: “vwprintf”: 未引用的内联函数已移除
C:\Program Files (x86)\Windows Kits\10\Include\10.0.10240.0\ucrt\corecrt_wstdio.h(412): warning C4514: “_vwprintf_s_l”: 未引用的内联函数已移除
C:\Program Files (x86)\Windows Kits\10\Include\10.0.10240.0\ucrt\corecrt_wstdio.h(428): warning C4514: “vwprintf_s”: 未引用的内联函数已移除
C:\Program Files (x86)\Windows Kits\10\Include\10.0.10240.0\ucrt\corecrt_wstdio.h(443): warning C4514: “_vwprintf_p_l”: 未引用的内联函数已移除
C:\Program Files (x86)\Windows Kits\10\Include\10.0.10240.0\ucrt\corecrt_wstdio.h(457): warning C4514: “_vwprintf_p”: 未引用的内联函数已移除
C:\Program Files (x86)\Windows Kits\10\Include\10.0.10240.0\ucrt\corecrt_wstdio.h(470): warning C4514: “_fwprintf_l”: 未引用的内联函数已移除
C:\Program Files (x86)\Windows Kits\10\Include\10.0.10240.0\ucrt\corecrt_wstdio.h(489): warning C4514: “fwprintf”: 未引用的内联函数已移除
C:\Program Files (x86)\Windows Kits\10\Include\10.0.10240.0\ucrt\corecrt_wstdio.h(507): warning C4514: “_fwprintf_s_l”: 未引用的内联函数已移除
C:\Program Files (x86)\Windows Kits\10\Include\10.0.10240.0\ucrt\corecrt_wstdio.h(528): warning C4514: “fwprintf_s”: 未引用的内联函数已移除
C:\Program Files (x86)\Windows Kits\10\Include\10.0.10240.0\ucrt\corecrt_wstdio.h(548): warning C4514: “_fwprintf_p_l”: 未引用的内联函数已移除
C:\Program Files (x86)\Windows Kits\10\Include\10.0.10240.0\ucrt\corecrt_wstdio.h(567): warning C4514: “_fwprintf_p”: 未引用的内联函数已移除
C:\Program Files (x86)\Windows Kits\10\Include\10.0.10240.0\ucrt\corecrt_wstdio.h(585): warning C4514: “_wprintf_l”: 未引用的内联函数已移除
C:\Program Files (x86)\Windows Kits\10\Include\10.0.10240.0\ucrt\corecrt_wstdio.h(603): warning C4514: “wprintf”: 未引用的内联函数已移除
C:\Program Files (x86)\Windows Kits\10\Include\10.0.10240.0\ucrt\corecrt_wstdio.h(620): warning C4514: “_wprintf_s_l”: 未引用的内联函数已移除
C:\Program Files (x86)\Windows Kits\10\Include\10.0.10240.0\ucrt\corecrt_wstdio.h(640): warning C4514: “wprintf_s”: 未引用的内联函数已移除
C:\Program Files (x86)\Windows Kits\10\Include\10.0.10240.0\ucrt\corecrt_wstdio.h(659): warning C4514: “_wprintf_p_l”: 未引用的内联函数已移除
C:\Program Files (x86)\Windows Kits\10\Include\10.0.10240.0\ucrt\corecrt_wstdio.h(677): warning C4514: “_wprintf_p”: 未引用的内联函数已移除
C:\Program Files (x86)\Windows Kits\10\Include\10.0.10240.0\ucrt\corecrt_wstdio.h(726): warning C4514: “vfwscanf”: 未引用的内联函数已移除
C:\Program Files (x86)\Windows Kits\10\Include\10.0.10240.0\ucrt\corecrt_wstdio.h(759): warning C4514: “vfwscanf_s”: 未引用的内联函数已移除
C:\Program Files (x86)\Windows Kits\10\Include\10.0.10240.0\ucrt\corecrt_wstdio.h(774): warning C4514: “_vwscanf_l”: 未引用的内联函数已移除
C:\Program Files (x86)\Windows Kits\10\Include\10.0.10240.0\ucrt\corecrt_wstdio.h(788): warning C4514: “vwscanf”: 未引用的内联函数已移除
C:\Program Files (x86)\Windows Kits\10\Include\10.0.10240.0\ucrt\corecrt_wstdio.h(801): warning C4514: “_vwscanf_s_l”: 未引用的内联函数已移除
C:\Program Files (x86)\Windows Kits\10\Include\10.0.10240.0\ucrt\corecrt_wstdio.h(817): warning C4514: “vwscanf_s”: 未引用的内联函数已移除
C:\Program Files (x86)\Windows Kits\10\Include\10.0.10240.0\ucrt\corecrt_wstdio.h(832): warning C4514: “_fwscanf_l”: 未引用的内联函数已移除
C:\Program Files (x86)\Windows Kits\10\Include\10.0.10240.0\ucrt\corecrt_wstdio.h(851): warning C4514: “fwscanf”: 未引用的内联函数已移除
C:\Program Files (x86)\Windows Kits\10\Include\10.0.10240.0\ucrt\corecrt_wstdio.h(869): warning C4514: “_fwscanf_s_l”: 未引用的内联函数已移除
C:\Program Files (x86)\Windows Kits\10\Include\10.0.10240.0\ucrt\corecrt_wstdio.h(890): warning C4514: “fwscanf_s”: 未引用的内联函数已移除
C:\Program Files (x86)\Windows Kits\10\Include\10.0.10240.0\ucrt\corecrt_wstdio.h(910): warning C4514: “_wscanf_l”: 未引用的内联函数已移除
C:\Program Files (x86)\Windows Kits\10\Include\10.0.10240.0\ucrt\corecrt_wstdio.h(928): warning C4514: “wscanf”: 未引用的内联函数已移除
C:\Program Files (x86)\Windows Kits\10\Include\10.0.10240.0\ucrt\corecrt_wstdio.h(945): warning C4514: “_wscanf_s_l”: 未引用的内联函数已移除
C:\Program Files (x86)\Windows Kits\10\Include\10.0.10240.0\ucrt\corecrt_wstdio.h(965): warning C4514: “wscanf_s”: 未引用的内联函数已移除
C:\Program Files (x86)\Windows Kits\10\Include\10.0.10240.0\ucrt\corecrt_wstdio.h(1092): warning C4514: “_vsnwprintf_s”: 未引用的内联函数已移除
C:\Program Files (x86)\Windows Kits\10\Include\10.0.10240.0\ucrt\corecrt_wstdio.h(1120): warning C4514: “_vsnwprintf”: 未引用的内联函数已移除
C:\Program Files (x86)\Windows Kits\10\Include\10.0.10240.0\ucrt\corecrt_wstdio.h(1169): warning C4514: “_vswprintf_c”: 未引用的内联函数已移除
C:\Program Files (x86)\Windows Kits\10\Include\10.0.10240.0\ucrt\corecrt_wstdio.h(1221): warning C4514: “_vswprintf”: 未引用的内联函数已移除
C:\Program Files (x86)\Windows Kits\10\Include\10.0.10240.0\ucrt\corecrt_wstdio.h(1274): warning C4514: “vswprintf_s”: 未引用的内联函数已移除
C:\Program Files (x86)\Windows Kits\10\Include\10.0.10240.0\ucrt\corecrt_wstdio.h(1321): warning C4514: “_vswprintf_p”: 未引用的内联函数已移除
C:\Program Files (x86)\Windows Kits\10\Include\10.0.10240.0\ucrt\corecrt_wstdio.h(1356): warning C4514: “_vscwprintf”: 未引用的内联函数已移除
C:\Program Files (x86)\Windows Kits\10\Include\10.0.10240.0\ucrt\corecrt_wstdio.h(1389): warning C4514: “_vscwprintf_p”: 未引用的内联函数已移除
C:\Program Files (x86)\Windows Kits\10\Include\10.0.10240.0\ucrt\corecrt_wstdio.h(1403): warning C4514: “__swprintf_l”: 未引用的内联函数已移除
C:\Program Files (x86)\Windows Kits\10\Include\10.0.10240.0\ucrt\corecrt_wstdio.h(1423): warning C4514: “_swprintf_l”: 未引用的内联函数已移除
C:\Program Files (x86)\Windows Kits\10\Include\10.0.10240.0\ucrt\corecrt_wstdio.h(1444): warning C4514: “_swprintf”: 未引用的内联函数已移除
C:\Program Files (x86)\Windows Kits\10\Include\10.0.10240.0\ucrt\corecrt_wstdio.h(1463): warning C4514: “swprintf”: 未引用的内联函数已移除
C:\Program Files (x86)\Windows Kits\10\Include\10.0.10240.0\ucrt\corecrt_wstdio.h(1506): warning C4514: “_swprintf_s_l”: 未引用的内联函数已移除
C:\Program Files (x86)\Windows Kits\10\Include\10.0.10240.0\ucrt\corecrt_wstdio.h(1528): warning C4514: “swprintf_s”: 未引用的内联函数已移除
C:\Program Files (x86)\Windows Kits\10\Include\10.0.10240.0\ucrt\corecrt_wstdio.h(1557): warning C4514: “_swprintf_p_l”: 未引用的内联函数已移除
C:\Program Files (x86)\Windows Kits\10\Include\10.0.10240.0\ucrt\corecrt_wstdio.h(1578): warning C4514: “_swprintf_p”: 未引用的内联函数已移除
C:\Program Files (x86)\Windows Kits\10\Include\10.0.10240.0\ucrt\corecrt_wstdio.h(1598): warning C4514: “_swprintf_c_l”: 未引用的内联函数已移除
C:\Program Files (x86)\Windows Kits\10\Include\10.0.10240.0\ucrt\corecrt_wstdio.h(1619): warning C4514: “_swprintf_c”: 未引用的内联函数已移除
C:\Program Files (x86)\Windows Kits\10\Include\10.0.10240.0\ucrt\corecrt_wstdio.h(1639): warning C4514: “_snwprintf_l”: 未引用的内联函数已移除
C:\Program Files (x86)\Windows Kits\10\Include\10.0.10240.0\ucrt\corecrt_wstdio.h(1665): warning C4514: “_snwprintf”: 未引用的内联函数已移除
C:\Program Files (x86)\Windows Kits\10\Include\10.0.10240.0\ucrt\corecrt_wstdio.h(1690): warning C4514: “_snwprintf_s_l”: 未引用的内联函数已移除
C:\Program Files (x86)\Windows Kits\10\Include\10.0.10240.0\ucrt\corecrt_wstdio.h(1712): warning C4514: “_snwprintf_s”: 未引用的内联函数已移除
C:\Program Files (x86)\Windows Kits\10\Include\10.0.10240.0\ucrt\corecrt_wstdio.h(1740): warning C4514: “_scwprintf_l”: 未引用的内联函数已移除
C:\Program Files (x86)\Windows Kits\10\Include\10.0.10240.0\ucrt\corecrt_wstdio.h(1759): warning C4514: “_scwprintf”: 未引用的内联函数已移除
C:\Program Files (x86)\Windows Kits\10\Include\10.0.10240.0\ucrt\corecrt_wstdio.h(1777): warning C4514: “_scwprintf_p_l”: 未引用的内联函数已移除
C:\Program Files (x86)\Windows Kits\10\Include\10.0.10240.0\ucrt\corecrt_wstdio.h(1796): warning C4514: “_scwprintf_p”: 未引用的内联函数已移除
C:\Program Files (x86)\Windows Kits\10\Include\10.0.10240.0\ucrt\corecrt_wstdio.h(1820): warning C4514: “swprintf”: 未引用的内联函数已移除
C:\Program Files (x86)\Windows Kits\10\Include\10.0.10240.0\ucrt\corecrt_wstdio.h(1835): warning C4514: “vswprintf”: 未引用的内联函数已移除
C:\Program Files (x86)\Windows Kits\10\Include\10.0.10240.0\ucrt\corecrt_wstdio.h(1846): warning C4514: “_swprintf_l”: 未引用的内联函数已移除
C:\Program Files (x86)\Windows Kits\10\Include\10.0.10240.0\ucrt\corecrt_wstdio.h(1861): warning C4514: “_vswprintf_l”: 未引用的内联函数已移除
C:\Program Files (x86)\Windows Kits\10\Include\10.0.10240.0\ucrt\corecrt_wstdio.h(1919): warning C4514: “vswscanf”: 未引用的内联函数已移除
C:\Program Files (x86)\Windows Kits\10\Include\10.0.10240.0\ucrt\corecrt_wstdio.h(1954): warning C4514: “vswscanf_s”: 未引用的内联函数已移除
C:\Program Files (x86)\Windows Kits\10\Include\10.0.10240.0\ucrt\corecrt_wstdio.h(2017): warning C4514: “_swscanf_l”: 未引用的内联函数已移除
C:\Program Files (x86)\Windows Kits\10\Include\10.0.10240.0\ucrt\corecrt_wstdio.h(2037): warning C4514: “swscanf”: 未引用的内联函数已移除
C:\Program Files (x86)\Windows Kits\10\Include\10.0.10240.0\ucrt\corecrt_wstdio.h(2056): warning C4514: “_swscanf_s_l”: 未引用的内联函数已移除
C:\Program Files (x86)\Windows Kits\10\Include\10.0.10240.0\ucrt\corecrt_wstdio.h(2078): warning C4514: “swscanf_s”: 未引用的内联函数已移除
C:\Program Files (x86)\Windows Kits\10\Include\10.0.10240.0\ucrt\corecrt_wstdio.h(2099): warning C4514: “_snwscanf_l”: 未引用的内联函数已移除
C:\Program Files (x86)\Windows Kits\10\Include\10.0.10240.0\ucrt\corecrt_wstdio.h(2125): warning C4514: “_snwscanf”: 未引用的内联函数已移除
C:\Program Files (x86)\Windows Kits\10\Include\10.0.10240.0\ucrt\corecrt_wstdio.h(2150): warning C4514: “_snwscanf_s_l”: 未引用的内联函数已移除
C:\Program Files (x86)\Windows Kits\10\Include\10.0.10240.0\ucrt\corecrt_wstdio.h(2171): warning C4514: “_snwscanf_s”: 未引用的内联函数已移除
C:\Program Files (x86)\Windows Kits\10\Include\10.0.10240.0\ucrt\stdio.h(644): warning C4514: “vfprintf”: 未引用的内联函数已移除
C:\Program Files (x86)\Windows Kits\10\Include\10.0.10240.0\ucrt\stdio.h(675): warning C4514: “vfprintf_s”: 未引用的内联函数已移除
C:\Program Files (x86)\Windows Kits\10\Include\10.0.10240.0\ucrt\stdio.h(706): warning C4514: “_vfprintf_p”: 未引用的内联函数已移除
C:\Program Files (x86)\Windows Kits\10\Include\10.0.10240.0\ucrt\stdio.h(720): warning C4514: “_vprintf_l”: 未引用的内联函数已移除
C:\Program Files (x86)\Windows Kits\10\Include\10.0.10240.0\ucrt\stdio.h(734): warning C4514: “vprintf”: 未引用的内联函数已移除
C:\Program Files (x86)\Windows Kits\10\Include\10.0.10240.0\ucrt\stdio.h(747): warning C4514: “_vprintf_s_l”: 未引用的内联函数已移除
C:\Program Files (x86)\Windows Kits\10\Include\10.0.10240.0\ucrt\stdio.h(763): warning C4514: “vprintf_s”: 未引用的内联函数已移除
C:\Program Files (x86)\Windows Kits\10\Include\10.0.10240.0\ucrt\stdio.h(778): warning C4514: “_vprintf_p_l”: 未引用的内联函数已移除
C:\Program Files (x86)\Windows Kits\10\Include\10.0.10240.0\ucrt\stdio.h(792): warning C4514: “_vprintf_p”: 未引用的内联函数已移除
C:\Program Files (x86)\Windows Kits\10\Include\10.0.10240.0\ucrt\stdio.h(805): warning C4514: “_fprintf_l”: 未引用的内联函数已移除
C:\Program Files (x86)\Windows Kits\10\Include\10.0.10240.0\ucrt\stdio.h(824): warning C4514: “fprintf”: 未引用的内联函数已移除
C:\Program Files (x86)\Windows Kits\10\Include\10.0.10240.0\ucrt\stdio.h(848): warning C4514: “_fprintf_s_l”: 未引用的内联函数已移除
C:\Program Files (x86)\Windows Kits\10\Include\10.0.10240.0\ucrt\stdio.h(869): warning C4514: “fprintf_s”: 未引用的内联函数已移除
C:\Program Files (x86)\Windows Kits\10\Include\10.0.10240.0\ucrt\stdio.h(889): warning C4514: “_fprintf_p_l”: 未引用的内联函数已移除
C:\Program Files (x86)\Windows Kits\10\Include\10.0.10240.0\ucrt\stdio.h(908): warning C4514: “_fprintf_p”: 未引用的内联函数已移除
C:\Program Files (x86)\Windows Kits\10\Include\10.0.10240.0\ucrt\stdio.h(926): warning C4514: “_printf_l”: 未引用的内联函数已移除
C:\Users\xuwei\CPPPROJECT\cmake\main.cc(27): warning C4710: “int printf(const char *const ,...)”: 函数未内联
  C:\Program Files (x86)\Windows Kits\10\Include\10.0.10240.0\ucrt\stdio.h(944): note: 参见“printf”的声明
C:\Program Files (x86)\Windows Kits\10\Include\10.0.10240.0\ucrt\stdio.h(961): warning C4514: “_printf_s_l”: 未引用的内联函数已移除
C:\Program Files (x86)\Windows Kits\10\Include\10.0.10240.0\ucrt\stdio.h(981): warning C4514: “printf_s”: 未引用的内联函数已移除
C:\Program Files (x86)\Windows Kits\10\Include\10.0.10240.0\ucrt\stdio.h(1000): warning C4514: “_printf_p_l”: 未引用的内联函数已移除
C:\Program Files (x86)\Windows Kits\10\Include\10.0.10240.0\ucrt\stdio.h(1018): warning C4514: “_printf_p”: 未引用的内联函数已移除
C:\Program Files (x86)\Windows Kits\10\Include\10.0.10240.0\ucrt\stdio.h(1066): warning C4514: “vfscanf”: 未引用的内联函数已移除
C:\Program Files (x86)\Windows Kits\10\Include\10.0.10240.0\ucrt\stdio.h(1100): warning C4514: “vfscanf_s”: 未引用的内联函数已移除
C:\Program Files (x86)\Windows Kits\10\Include\10.0.10240.0\ucrt\stdio.h(1116): warning C4514: “_vscanf_l”: 未引用的内联函数已移除
C:\Program Files (x86)\Windows Kits\10\Include\10.0.10240.0\ucrt\stdio.h(1130): warning C4514: “vscanf”: 未引用的内联函数已移除
C:\Program Files (x86)\Windows Kits\10\Include\10.0.10240.0\ucrt\stdio.h(1143): warning C4514: “_vscanf_s_l”: 未引用的内联函数已移除
C:\Program Files (x86)\Windows Kits\10\Include\10.0.10240.0\ucrt\stdio.h(1159): warning C4514: “vscanf_s”: 未引用的内联函数已移除
C:\Program Files (x86)\Windows Kits\10\Include\10.0.10240.0\ucrt\stdio.h(1174): warning C4514: “_fscanf_l”: 未引用的内联函数已移除
C:\Program Files (x86)\Windows Kits\10\Include\10.0.10240.0\ucrt\stdio.h(1193): warning C4514: “fscanf”: 未引用的内联函数已移除
C:\Program Files (x86)\Windows Kits\10\Include\10.0.10240.0\ucrt\stdio.h(1211): warning C4514: “_fscanf_s_l”: 未引用的内联函数已移除
C:\Program Files (x86)\Windows Kits\10\Include\10.0.10240.0\ucrt\stdio.h(1232): warning C4514: “fscanf_s”: 未引用的内联函数已移除
C:\Program Files (x86)\Windows Kits\10\Include\10.0.10240.0\ucrt\stdio.h(1252): warning C4514: “_scanf_l”: 未引用的内联函数已移除
C:\Program Files (x86)\Windows Kits\10\Include\10.0.10240.0\ucrt\stdio.h(1270): warning C4514: “scanf”: 未引用的内联函数已移除
C:\Program Files (x86)\Windows Kits\10\Include\10.0.10240.0\ucrt\stdio.h(1287): warning C4514: “_scanf_s_l”: 未引用的内联函数已移除
C:\Program Files (x86)\Windows Kits\10\Include\10.0.10240.0\ucrt\stdio.h(1307): warning C4514: “scanf_s”: 未引用的内联函数已移除
C:\Program Files (x86)\Windows Kits\10\Include\10.0.10240.0\ucrt\stdio.h(1465): warning C4514: “vsprintf”: 未引用的内联函数已移除
C:\Program Files (x86)\Windows Kits\10\Include\10.0.10240.0\ucrt\stdio.h(1506): warning C4514: “vsprintf_s”: 未引用的内联函数已移除
C:\Program Files (x86)\Windows Kits\10\Include\10.0.10240.0\ucrt\stdio.h(1553): warning C4514: “_vsprintf_p”: 未引用的内联函数已移除
C:\Program Files (x86)\Windows Kits\10\Include\10.0.10240.0\ucrt\stdio.h(1591): warning C4514: “_vsnprintf_s”: 未引用的内联函数已移除
C:\Program Files (x86)\Windows Kits\10\Include\10.0.10240.0\ucrt\stdio.h(1619): warning C4514: “vsnprintf_s”: 未引用的内联函数已移除
C:\Program Files (x86)\Windows Kits\10\Include\10.0.10240.0\ucrt\stdio.h(1664): warning C4514: “_vscprintf”: 未引用的内联函数已移除
C:\Program Files (x86)\Windows Kits\10\Include\10.0.10240.0\ucrt\stdio.h(1729): warning C4514: “_vsnprintf_c”: 未引用的内联函数已移除
C:\Program Files (x86)\Windows Kits\10\Include\10.0.10240.0\ucrt\stdio.h(1744): warning C4514: “_sprintf_l”: 未引用的内联函数已移除
C:\Program Files (x86)\Windows Kits\10\Include\10.0.10240.0\ucrt\stdio.h(1769): warning C4514: “sprintf”: 未引用的内联函数已移除
C:\Program Files (x86)\Windows Kits\10\Include\10.0.10240.0\ucrt\stdio.h(1803): warning C4514: “_sprintf_s_l”: 未引用的内联函数已移除
C:\Program Files (x86)\Windows Kits\10\Include\10.0.10240.0\ucrt\stdio.h(1826): warning C4514: “sprintf_s”: 未引用的内联函数已移除
C:\Program Files (x86)\Windows Kits\10\Include\10.0.10240.0\ucrt\stdio.h(1854): warning C4514: “_sprintf_p_l”: 未引用的内联函数已移除
C:\Program Files (x86)\Windows Kits\10\Include\10.0.10240.0\ucrt\stdio.h(1875): warning C4514: “_sprintf_p”: 未引用的内联函数已移除
C:\Program Files (x86)\Windows Kits\10\Include\10.0.10240.0\ucrt\stdio.h(1895): warning C4514: “_snprintf_l”: 未引用的内联函数已移除
C:\Program Files (x86)\Windows Kits\10\Include\10.0.10240.0\ucrt\stdio.h(1932): warning C4514: “snprintf”: 未引用的内联函数已移除
C:\Program Files (x86)\Windows Kits\10\Include\10.0.10240.0\ucrt\stdio.h(1952): warning C4514: “_snprintf”: 未引用的内联函数已移除
C:\Program Files (x86)\Windows Kits\10\Include\10.0.10240.0\ucrt\stdio.h(1982): warning C4514: “_snprintf_c_l”: 未引用的内联函数已移除
C:\Program Files (x86)\Windows Kits\10\Include\10.0.10240.0\ucrt\stdio.h(2003): warning C4514: “_snprintf_c”: 未引用的内联函数已移除
C:\Program Files (x86)\Windows Kits\10\Include\10.0.10240.0\ucrt\stdio.h(2023): warning C4514: “_snprintf_s_l”: 未引用的内联函数已移除
C:\Program Files (x86)\Windows Kits\10\Include\10.0.10240.0\ucrt\stdio.h(2045): warning C4514: “_snprintf_s”: 未引用的内联函数已移除
C:\Program Files (x86)\Windows Kits\10\Include\10.0.10240.0\ucrt\stdio.h(2073): warning C4514: “_scprintf_l”: 未引用的内联函数已移除
C:\Program Files (x86)\Windows Kits\10\Include\10.0.10240.0\ucrt\stdio.h(2091): warning C4514: “_scprintf”: 未引用的内联函数已移除
C:\Program Files (x86)\Windows Kits\10\Include\10.0.10240.0\ucrt\stdio.h(2108): warning C4514: “_scprintf_p_l”: 未引用的内联函数已移除
C:\Program Files (x86)\Windows Kits\10\Include\10.0.10240.0\ucrt\stdio.h(2126): warning C4514: “_scprintf_p”: 未引用的内联函数已移除
C:\Program Files (x86)\Windows Kits\10\Include\10.0.10240.0\ucrt\stdio.h(2174): warning C4514: “vsscanf”: 未引用的内联函数已移除
C:\Program Files (x86)\Windows Kits\10\Include\10.0.10240.0\ucrt\stdio.h(2235): warning C4514: “_sscanf_l”: 未引用的内联函数已移除
C:\Program Files (x86)\Windows Kits\10\Include\10.0.10240.0\ucrt\stdio.h(2254): warning C4514: “sscanf”: 未引用的内联函数已移除
C:\Program Files (x86)\Windows Kits\10\Include\10.0.10240.0\ucrt\stdio.h(2272): warning C4514: “_sscanf_s_l”: 未引用的内联函数已移除
C:\Program Files (x86)\Windows Kits\10\Include\10.0.10240.0\ucrt\stdio.h(2293): warning C4514: “sscanf_s”: 未引用的内联函数已移除
C:\Program Files (x86)\Windows Kits\10\Include\10.0.10240.0\ucrt\stdio.h(2321): warning C4514: “_snscanf_l”: 未引用的内联函数已移除
C:\Program Files (x86)\Windows Kits\10\Include\10.0.10240.0\ucrt\stdio.h(2345): warning C4514: “_snscanf”: 未引用的内联函数已移除
C:\Program Files (x86)\Windows Kits\10\Include\10.0.10240.0\ucrt\stdio.h(2369): warning C4514: “_snscanf_s_l”: 未引用的内联函数已移除
C:\Program Files (x86)\Windows Kits\10\Include\10.0.10240.0\ucrt\stdio.h(2393): warning C4514: “_snscanf_s”: 未引用的内联函数已移除
C:\Program Files (x86)\Windows Kits\10\Include\10.0.10240.0\ucrt\stdlib.h(354): warning C4514: “abs”: 未引用的内联函数已移除
C:\Program Files (x86)\Windows Kits\10\Include\10.0.10240.0\ucrt\stdlib.h(359): warning C4514: “abs”: 未引用的内联函数已移除
C:\Program Files (x86)\Windows Kits\10\Include\10.0.10240.0\ucrt\stdlib.h(364): warning C4514: “div”: 未引用的内联函数已移除
C:\Program Files (x86)\Windows Kits\10\Include\10.0.10240.0\ucrt\stdlib.h(369): warning C4514: “div”: 未引用的内联函数已移除
c:\program files (x86)\windows kits\10\include\10.0.10240.0\ucrt\stdio.h(639): warning C4710: “__local_stdio_printf_options”: 函数未内联
c:\program files (x86)\windows kits\10\include\10.0.10240.0\ucrt\stdio.h(953): warning C4711: 为自动内联扩展选定了函数“void __cdecl __vcrt_va_start_verify_argument_type<char const * const>(void)”
C:\Users\xuwei\CPPPROJECT\cmake\main.cc : warning C4710: “__local_stdio_printf_options”: 函数未内联
c:\users\xuwei\cppproject\cmake\main.cc(23): warning C4710: “printf”: 函数未内联
  Demo.vcxproj -> C:\Users\xuwei\CPPPROJECT\cmake\Debug\Demo.exe
  Demo.vcxproj -> C:/Users/xuwei/CPPPROJECT/cmake/Debug/Demo.pdb (Full PDB)
